<?xml version="1.0" encoding="UTF-8"?>
<!-- Generated by org.testng.reporters.JUnitReportReporter -->
<testsuite hostname="welcome-PC" failures="0" tests="1" name="com.RTProject2.LoginTest" time="0.010" errors="0" timestamp="2021-04-12T17:28:52 IST" skipped="0">
  <testcase classname="com.RTProject2.LoginTest" name="loginNavigate" time="0.010"/>
  <system-out/>
</testsuite> <!-- com.RTProject2.LoginTest -->
